y:\coding_studing\game_2\game_2\x64\release\vc143.pdb
y:\coding_studing\game_2\game_2\x64\release\sign_up.obj
y:\coding_studing\game_2\game_2\x64\release\main_code.obj
y:\coding_studing\game_2\game_2\x64\release\sign_in.obj
y:\coding_studing\game_2\game_2\x64\release\screen.obj
y:\coding_studing\game_2\game_2\x64\release\prologue.obj
y:\coding_studing\game_2\game_2\x64\release\player_state.obj
y:\coding_studing\game_2\game_2\x64\release\game_start.obj
y:\coding_studing\game_2\game_2\x64\release\game_menu.obj
y:\coding_studing\game_2\game_2\x64\release\db_event_process.obj
y:\coding_studing\game_2\x64\release\game_2.exe
y:\coding_studing\game_2\x64\release\game_2.pdb
y:\coding_studing\game_2\game_2\x64\release\game_2.ipdb
y:\coding_studing\game_2\game_2\x64\release\game_2.iobj
y:\coding_studing\game_2\game_2\x64\release\game_2.tlog\cl.command.1.tlog
y:\coding_studing\game_2\game_2\x64\release\game_2.tlog\cl.items.tlog
y:\coding_studing\game_2\game_2\x64\release\game_2.tlog\cl.read.1.tlog
y:\coding_studing\game_2\game_2\x64\release\game_2.tlog\cl.write.1.tlog
y:\coding_studing\game_2\game_2\x64\release\game_2.tlog\link.command.1.tlog
y:\coding_studing\game_2\game_2\x64\release\game_2.tlog\link.read.1.tlog
y:\coding_studing\game_2\game_2\x64\release\game_2.tlog\link.secondary.1.tlog
y:\coding_studing\game_2\game_2\x64\release\game_2.tlog\link.write.1.tlog
